TN:
SF:server\config.js
FNF:0
FNH:0
DA:4,3
DA:5,3
DA:6,3
DA:7,3
LF:4
LH:4
BRDA:10,0,0,3
BRDA:10,0,1,3
BRF:2
BRH:2
end_of_record
TN:
SF:server\controller.js
FN:4,(anonymous_0)
FN:8,(anonymous_1)
FNF:2
FNH:2
FNDA:2,(anonymous_0)
FNDA:1,(anonymous_1)
DA:5,2
DA:9,1
LF:2
LH:2
BRF:0
BRH:0
end_of_record
TN:
SF:server\routes.js
FN:18,routes
FN:69,handlerError
FN:81,handler
FN:83,(anonymous_3)
FNF:4
FNH:4
FNDA:8,routes
FNDA:2,handlerError
FNDA:8,handler
FNDA:2,(anonymous_3)
DA:14,1
DA:16,1
DA:19,8
DA:21,8
DA:22,1
DA:26,1
DA:29,7
DA:32,1
DA:35,1
DA:38,6
DA:41,1
DA:44,1
DA:48,5
DA:52,4
DA:54,2
DA:56,2
DA:57,1
DA:62,2
DA:65,1
DA:66,1
DA:70,2
DA:71,1
DA:72,1
DA:73,1
DA:76,1
DA:77,1
DA:78,1
DA:82,8
DA:83,2
LF:29
LH:29
BRDA:21,0,0,1
BRDA:21,0,1,7
BRDA:21,1,0,8
BRDA:21,1,1,7
BRDA:29,2,0,1
BRDA:29,2,1,6
BRDA:29,3,0,7
BRDA:29,3,1,6
BRDA:38,4,0,1
BRDA:38,4,1,5
BRDA:38,5,0,6
BRDA:38,5,1,5
BRDA:48,6,0,4
BRDA:48,6,1,1
BRDA:56,7,0,1
BRDA:56,7,1,1
BRDA:70,8,0,1
BRDA:70,8,1,1
BRF:18
BRH:18
end_of_record
TN:
SF:server\service.js
FN:14,(anonymous_0)
FN:18,(anonymous_1)
FN:33,(anonymous_2)
FNF:3
FNH:3
FNDA:1,(anonymous_0)
FNDA:1,(anonymous_1)
FNDA:1,(anonymous_2)
DA:11,3
DA:15,1
DA:20,1
DA:23,1
DA:25,1
DA:27,1
DA:37,1
DA:39,1
LF:8
LH:8
BRF:0
BRH:0
end_of_record
TN:
SF:server\util.js
FNF:0
FNH:0
DA:3,1
DA:13,1
LF:2
LH:2
BRF:0
BRH:0
end_of_record
